<?xml version="1.0" encoding="UTF-8"?>
<testng-results skipped="0" failed="0" ignored="0" total="1" passed="1">
  <reporter-output>
  </reporter-output>
  <suite name="Suite" duration-ms="2816" started-at="2019-12-19T15:08:25Z" finished-at="2019-12-19T15:08:27Z">
    <groups>
    </groups>
    <test name="Test" duration-ms="2816" started-at="2019-12-19T15:08:25Z" finished-at="2019-12-19T15:08:27Z">
      <class name="test.SimpleGetTest">
        <test-method status="PASS" signature="beforeSuite()[pri:0, instance:test.SimpleGetTest@1bce4f0a]" name="beforeSuite" is-config="true" duration-ms="12" started-at="2019-12-19T20:38:25Z" finished-at="2019-12-19T20:38:25Z">
          <reporter-output>
          </reporter-output>
        </test-method> <!-- beforeSuite -->
        <test-method status="PASS" signature="beforeTest()[pri:0, instance:test.SimpleGetTest@1bce4f0a]" name="beforeTest" is-config="true" duration-ms="0" started-at="2019-12-19T20:38:25Z" finished-at="2019-12-19T20:38:25Z">
          <reporter-output>
          </reporter-output>
        </test-method> <!-- beforeTest -->
        <test-method status="PASS" signature="beforeClass()[pri:0, instance:test.SimpleGetTest@1bce4f0a]" name="beforeClass" is-config="true" duration-ms="0" started-at="2019-12-19T20:38:25Z" finished-at="2019-12-19T20:38:25Z">
          <reporter-output>
          </reporter-output>
        </test-method> <!-- beforeClass -->
        <test-method status="PASS" signature="beforeMethod()[pri:0, instance:test.SimpleGetTest@1bce4f0a]" name="beforeMethod" is-config="true" duration-ms="0" started-at="2019-12-19T20:38:25Z" finished-at="2019-12-19T20:38:25Z">
          <reporter-output>
          </reporter-output>
        </test-method> <!-- beforeMethod -->
        <test-method status="PASS" signature="GetWeatherDetails()[pri:0, instance:test.SimpleGetTest@1bce4f0a]" name="GetWeatherDetails" duration-ms="2782" started-at="2019-12-19T20:38:25Z" finished-at="2019-12-19T20:38:27Z">
          <reporter-output>
          </reporter-output>
        </test-method> <!-- GetWeatherDetails -->
        <test-method status="PASS" signature="afterMethod()[pri:0, instance:test.SimpleGetTest@1bce4f0a]" name="afterMethod" is-config="true" duration-ms="0" started-at="2019-12-19T20:38:27Z" finished-at="2019-12-19T20:38:27Z">
          <reporter-output>
          </reporter-output>
        </test-method> <!-- afterMethod -->
        <test-method status="PASS" signature="afterClass()[pri:0, instance:test.SimpleGetTest@1bce4f0a]" name="afterClass" is-config="true" duration-ms="0" started-at="2019-12-19T20:38:27Z" finished-at="2019-12-19T20:38:27Z">
          <reporter-output>
          </reporter-output>
        </test-method> <!-- afterClass -->
        <test-method status="PASS" signature="afterTest()[pri:0, instance:test.SimpleGetTest@1bce4f0a]" name="afterTest" is-config="true" duration-ms="0" started-at="2019-12-19T20:38:27Z" finished-at="2019-12-19T20:38:27Z">
          <reporter-output>
          </reporter-output>
        </test-method> <!-- afterTest -->
        <test-method status="PASS" signature="afterSuite()[pri:0, instance:test.SimpleGetTest@1bce4f0a]" name="afterSuite" is-config="true" duration-ms="0" started-at="2019-12-19T20:38:27Z" finished-at="2019-12-19T20:38:27Z">
          <reporter-output>
          </reporter-output>
        </test-method> <!-- afterSuite -->
      </class> <!-- test.SimpleGetTest -->
    </test> <!-- Test -->
  </suite> <!-- Suite -->
</testng-results>
